<?xml version="1.0" encoding="UTF-8"?>
<!-- Generated by org.testng.reporters.JUnitXMLReporter -->
<testsuite hostname="LAPTOP-AF95BSA9" ignored="0" name="Test" tests="2" failures="2" timestamp="2023-06-30T15:56:19 IST" time="82.643" errors="0">
  <testcase name="account_Registration" time="13.474" classname="testcases.TC001_Account_RegistrationTest">
    <failure type="java.lang.AssertionError" message="null">
      <![CDATA[java.lang.AssertionError: null
at testcases.TC001_Account_RegistrationTest.account_Registration(TC001_Account_RegistrationTest.java:39)
at java.util.ArrayList.forEach(ArrayList.java:1259)
... Removed 33 stack frames]]>
    </failure>
  </testcase> <!-- account_Registration -->
  <testcase name="loginTest" time="1.603" classname="testcases.TC002_LoginTest">
    <failure type="java.lang.AssertionError" message="expected [My Account] but found [Account Login]">
      <![CDATA[java.lang.AssertionError: expected [My Account] but found [Account Login]
at testcases.TC002_LoginTest.loginTest(TC002_LoginTest.java:31)
at java.util.ArrayList.forEach(ArrayList.java:1259)
... Removed 37 stack frames]]>
    </failure>
  </testcase> <!-- loginTest -->
</testsuite> <!-- Test -->
